--------------------------------------------------------------------------------
Release 14.7 Trace  (nt64)
Copyright (c) 1995-2013 Xilinx, Inc.  All rights reserved.

E:\ISE\14.7\ISE_DS\ISE\bin\nt64\unwrapped\trce.exe -intstyle ise -v 3 -s 5 -n 3
-fastpaths -xml cla12.twx cla12.ncd -o cla12.twr cla12.pcf

Design file:              cla12.ncd
Physical constraint file: cla12.pcf
Device,package,speed:     xc3s100e,vq100,-5 (PRODUCTION 1.27 2013-10-13)
Report level:             verbose report

Environment Variable      Effect 
--------------------      ------ 
NONE                      No environment variables were set
--------------------------------------------------------------------------------

INFO:Timing:2698 - No timing constraints found, doing default enumeration.
INFO:Timing:3412 - To improve timing, see the Timing Closure User Guide (UG612).
INFO:Timing:2752 - To get complete path coverage, use the unconstrained paths 
   option. All paths that are not constrained will be reported in the 
   unconstrained paths section(s) of the report.
INFO:Timing:3339 - The clock-to-out numbers in this timing report are based on 
   a 50 Ohm transmission line loading model.  For the details of this model, 
   and for more information on accounting for different loading conditions, 
   please see the device datasheet.
INFO:Timing:3390 - This architecture does not support a default System Jitter 
   value, please add SYSTEM_JITTER constraint to the UCF to modify the Clock 
   Uncertainty calculation.
INFO:Timing:3389 - This architecture does not support 'Discrete Jitter' and 
   'Phase Error' calculations, these terms will be zero in the Clock 
   Uncertainty calculation.  Please make appropriate modification to 
   SYSTEM_JITTER to account for the unsupported Discrete Jitter and Phase 
   Error.



Data Sheet report:
-----------------
All values displayed in nanoseconds (ns)

Pad to Pad
---------------+---------------+---------+
Source Pad     |Destination Pad|  Delay  |
---------------+---------------+---------+
a<0>           |cout           |   16.123|
a<0>           |sum<0>         |    6.766|
a<0>           |sum<1>         |    7.136|
a<0>           |sum<2>         |    8.960|
a<0>           |sum<3>         |    9.366|
a<0>           |sum<4>         |    9.706|
a<0>           |sum<5>         |   11.098|
a<0>           |sum<6>         |   11.830|
a<0>           |sum<7>         |   12.793|
a<0>           |sum<8>         |   13.416|
a<0>           |sum<9>         |   13.743|
a<0>           |sum<10>        |   15.682|
a<0>           |sum<11>        |   16.309|
a<1>           |cout           |   15.471|
a<1>           |sum<1>         |    6.063|
a<1>           |sum<2>         |    8.308|
a<1>           |sum<3>         |    8.714|
a<1>           |sum<4>         |    9.054|
a<1>           |sum<5>         |   10.446|
a<1>           |sum<6>         |   11.178|
a<1>           |sum<7>         |   12.141|
a<1>           |sum<8>         |   12.764|
a<1>           |sum<9>         |   13.091|
a<1>           |sum<10>        |   15.030|
a<1>           |sum<11>        |   15.657|
a<2>           |cout           |   14.390|
a<2>           |sum<2>         |    6.739|
a<2>           |sum<3>         |    7.633|
a<2>           |sum<4>         |    7.973|
a<2>           |sum<5>         |    9.365|
a<2>           |sum<6>         |   10.097|
a<2>           |sum<7>         |   11.060|
a<2>           |sum<8>         |   11.683|
a<2>           |sum<9>         |   12.010|
a<2>           |sum<10>        |   13.949|
a<2>           |sum<11>        |   14.576|
a<3>           |cout           |   13.766|
a<3>           |sum<3>         |    7.014|
a<3>           |sum<4>         |    7.349|
a<3>           |sum<5>         |    8.741|
a<3>           |sum<6>         |    9.473|
a<3>           |sum<7>         |   10.436|
a<3>           |sum<8>         |   11.059|
a<3>           |sum<9>         |   11.386|
a<3>           |sum<10>        |   13.325|
a<3>           |sum<11>        |   13.952|
a<4>           |cout           |   12.516|
a<4>           |sum<4>         |    5.956|
a<4>           |sum<5>         |    7.491|
a<4>           |sum<6>         |    8.223|
a<4>           |sum<7>         |    9.186|
a<4>           |sum<8>         |    9.809|
a<4>           |sum<9>         |   10.136|
a<4>           |sum<10>        |   12.075|
a<4>           |sum<11>        |   12.702|
a<5>           |cout           |   12.241|
a<5>           |sum<5>         |    7.160|
a<5>           |sum<6>         |    7.948|
a<5>           |sum<7>         |    8.911|
a<5>           |sum<8>         |    9.534|
a<5>           |sum<9>         |    9.861|
a<5>           |sum<10>        |   11.800|
a<5>           |sum<11>        |   12.427|
a<6>           |cout           |   10.885|
a<6>           |sum<6>         |    6.813|
a<6>           |sum<7>         |    7.555|
a<6>           |sum<8>         |    8.178|
a<6>           |sum<9>         |    8.505|
a<6>           |sum<10>        |   10.444|
a<6>           |sum<11>        |   11.071|
a<7>           |cout           |   10.309|
a<7>           |sum<7>         |    7.162|
a<7>           |sum<8>         |    7.602|
a<7>           |sum<9>         |    7.929|
a<7>           |sum<10>        |    9.868|
a<7>           |sum<11>        |   10.495|
a<8>           |cout           |    9.237|
a<8>           |sum<8>         |    6.435|
a<8>           |sum<9>         |    6.857|
a<8>           |sum<10>        |    8.796|
a<8>           |sum<11>        |    9.423|
a<9>           |cout           |    8.893|
a<9>           |sum<9>         |    6.519|
a<9>           |sum<10>        |    8.452|
a<9>           |sum<11>        |    9.079|
a<10>          |cout           |    6.747|
a<10>          |sum<10>        |    6.657|
a<10>          |sum<11>        |    6.933|
a<11>          |cout           |    5.978|
a<11>          |sum<11>        |    6.008|
b<0>           |cout           |   16.854|
b<0>           |sum<0>         |    6.929|
b<0>           |sum<1>         |    7.867|
b<0>           |sum<2>         |    9.691|
b<0>           |sum<3>         |   10.097|
b<0>           |sum<4>         |   10.437|
b<0>           |sum<5>         |   11.829|
b<0>           |sum<6>         |   12.561|
b<0>           |sum<7>         |   13.524|
b<0>           |sum<8>         |   14.147|
b<0>           |sum<9>         |   14.474|
b<0>           |sum<10>        |   16.413|
b<0>           |sum<11>        |   17.040|
b<1>           |cout           |   15.595|
b<1>           |sum<1>         |    6.326|
b<1>           |sum<2>         |    8.432|
b<1>           |sum<3>         |    8.838|
b<1>           |sum<4>         |    9.178|
b<1>           |sum<5>         |   10.570|
b<1>           |sum<6>         |   11.302|
b<1>           |sum<7>         |   12.265|
b<1>           |sum<8>         |   12.888|
b<1>           |sum<9>         |   13.215|
b<1>           |sum<10>        |   15.154|
b<1>           |sum<11>        |   15.781|
b<2>           |cout           |   14.659|
b<2>           |sum<2>         |    6.878|
b<2>           |sum<3>         |    7.902|
b<2>           |sum<4>         |    8.242|
b<2>           |sum<5>         |    9.634|
b<2>           |sum<6>         |   10.366|
b<2>           |sum<7>         |   11.329|
b<2>           |sum<8>         |   11.952|
b<2>           |sum<9>         |   12.279|
b<2>           |sum<10>        |   14.218|
b<2>           |sum<11>        |   14.845|
b<3>           |cout           |   14.184|
b<3>           |sum<3>         |    7.461|
b<3>           |sum<4>         |    7.767|
b<3>           |sum<5>         |    9.159|
b<3>           |sum<6>         |    9.891|
b<3>           |sum<7>         |   10.854|
b<3>           |sum<8>         |   11.477|
b<3>           |sum<9>         |   11.804|
b<3>           |sum<10>        |   13.743|
b<3>           |sum<11>        |   14.370|
b<4>           |cout           |   13.433|
b<4>           |sum<4>         |    6.835|
b<4>           |sum<5>         |    8.408|
b<4>           |sum<6>         |    9.140|
b<4>           |sum<7>         |   10.103|
b<4>           |sum<8>         |   10.726|
b<4>           |sum<9>         |   11.053|
b<4>           |sum<10>        |   12.992|
b<4>           |sum<11>        |   13.619|
b<5>           |cout           |   12.469|
b<5>           |sum<5>         |    7.422|
b<5>           |sum<6>         |    8.176|
b<5>           |sum<7>         |    9.139|
b<5>           |sum<8>         |    9.762|
b<5>           |sum<9>         |   10.089|
b<5>           |sum<10>        |   12.028|
b<5>           |sum<11>        |   12.655|
b<6>           |cout           |   11.317|
b<6>           |sum<6>         |    7.098|
b<6>           |sum<7>         |    7.987|
b<6>           |sum<8>         |    8.610|
b<6>           |sum<9>         |    8.937|
b<6>           |sum<10>        |   10.876|
b<6>           |sum<11>        |   11.503|
b<7>           |cout           |   10.646|
b<7>           |sum<7>         |    6.918|
b<7>           |sum<8>         |    7.939|
b<7>           |sum<9>         |    8.266|
b<7>           |sum<10>        |   10.205|
b<7>           |sum<11>        |   10.832|
b<8>           |cout           |    8.991|
b<8>           |sum<8>         |    6.322|
b<8>           |sum<9>         |    6.611|
b<8>           |sum<10>        |    8.550|
b<8>           |sum<11>        |    9.177|
b<9>           |cout           |    9.018|
b<9>           |sum<9>         |    6.588|
b<9>           |sum<10>        |    8.577|
b<9>           |sum<11>        |    9.204|
b<10>          |cout           |    7.234|
b<10>          |sum<10>        |    6.925|
b<10>          |sum<11>        |    7.420|
b<11>          |cout           |    6.421|
b<11>          |sum<11>        |    6.596|
cin            |cout           |   16.629|
cin            |sum<0>         |    7.409|
cin            |sum<1>         |    7.642|
cin            |sum<2>         |    9.466|
cin            |sum<3>         |    9.872|
cin            |sum<4>         |   10.212|
cin            |sum<5>         |   11.604|
cin            |sum<6>         |   12.336|
cin            |sum<7>         |   13.299|
cin            |sum<8>         |   13.922|
cin            |sum<9>         |   14.249|
cin            |sum<10>        |   16.188|
cin            |sum<11>        |   16.815|
---------------+---------------+---------+


Analysis completed Mon Mar 06 03:25:04 2023 
--------------------------------------------------------------------------------

Trace Settings:
-------------------------
Trace Settings 

Peak Memory Usage: 168 MB



