--------------------------------------------------------------------------------
Release 14.7 Trace  (nt64)
Copyright (c) 1995-2013 Xilinx, Inc.  All rights reserved.

E:\ISE\14.7\ISE_DS\ISE\bin\nt64\unwrapped\trce.exe -intstyle ise -v 3 -s 5 -n 3
-fastpaths -xml ripple_carry12.twx ripple_carry12.ncd -o ripple_carry12.twr
ripple_carry12.pcf

Design file:              ripple_carry12.ncd
Physical constraint file: ripple_carry12.pcf
Device,package,speed:     xc3s100e,vq100,-5 (PRODUCTION 1.27 2013-10-13)
Report level:             verbose report

Environment Variable      Effect 
--------------------      ------ 
NONE                      No environment variables were set
--------------------------------------------------------------------------------

INFO:Timing:2698 - No timing constraints found, doing default enumeration.
INFO:Timing:3412 - To improve timing, see the Timing Closure User Guide (UG612).
INFO:Timing:2752 - To get complete path coverage, use the unconstrained paths 
   option. All paths that are not constrained will be reported in the 
   unconstrained paths section(s) of the report.
INFO:Timing:3339 - The clock-to-out numbers in this timing report are based on 
   a 50 Ohm transmission line loading model.  For the details of this model, 
   and for more information on accounting for different loading conditions, 
   please see the device datasheet.
INFO:Timing:3390 - This architecture does not support a default System Jitter 
   value, please add SYSTEM_JITTER constraint to the UCF to modify the Clock 
   Uncertainty calculation.
INFO:Timing:3389 - This architecture does not support 'Discrete Jitter' and 
   'Phase Error' calculations, these terms will be zero in the Clock 
   Uncertainty calculation.  Please make appropriate modification to 
   SYSTEM_JITTER to account for the unsupported Discrete Jitter and Phase 
   Error.



Data Sheet report:
-----------------
All values displayed in nanoseconds (ns)

Pad to Pad
---------------+---------------+---------+
Source Pad     |Destination Pad|  Delay  |
---------------+---------------+---------+
a<0>           |s<0>           |    6.464|
a<1>           |s<1>           |    5.588|
a<2>           |s<2>           |    7.358|
a<3>           |s<3>           |    6.432|
a<4>           |s<4>           |    6.728|
a<5>           |s<5>           |    6.603|
a<6>           |s<6>           |    6.053|
a<7>           |s<7>           |    6.586|
a<8>           |s<8>           |    6.256|
a<9>           |s<9>           |    6.200|
a<10>          |s<10>          |    6.040|
a<11>          |cout           |    6.937|
a<11>          |s<11>          |    6.528|
b<0>           |s<0>           |    6.507|
b<1>           |s<1>           |    5.567|
b<2>           |s<2>           |    6.995|
b<3>           |s<3>           |    6.198|
b<4>           |s<4>           |    6.660|
b<5>           |s<5>           |    7.036|
b<6>           |s<6>           |    5.973|
b<7>           |s<7>           |    6.900|
b<8>           |s<8>           |    7.190|
b<9>           |s<9>           |    6.515|
b<10>          |s<10>          |    6.527|
b<11>          |cout           |    6.885|
b<11>          |s<11>          |    7.354|
cin            |cout           |    8.078|
cin            |s<0>           |    7.991|
cin            |s<1>           |    7.272|
cin            |s<2>           |    8.643|
cin            |s<3>           |    7.514|
cin            |s<4>           |    8.303|
cin            |s<5>           |    7.514|
cin            |s<6>           |    6.372|
cin            |s<7>           |    7.548|
cin            |s<8>           |    7.258|
cin            |s<9>           |    7.521|
cin            |s<10>          |    6.885|
cin            |s<11>          |    7.551|
---------------+---------------+---------+


Analysis completed Sat Mar 04 11:20:32 2023 
--------------------------------------------------------------------------------

Trace Settings:
-------------------------
Trace Settings 

Peak Memory Usage: 167 MB



