--------------------------------------------------------------------------------
Release 14.7 Trace  (nt64)
Copyright (c) 1995-2013 Xilinx, Inc.  All rights reserved.

E:\ISE\14.7\ISE_DS\ISE\bin\nt64\unwrapped\trce.exe -intstyle ise -v 3 -s 5 -n 3
-fastpaths -xml alu.twx alu.ncd -o alu.twr alu.pcf

Design file:              alu.ncd
Physical constraint file: alu.pcf
Device,package,speed:     xc3s100e,vq100,-5 (PRODUCTION 1.27 2013-10-13)
Report level:             verbose report

Environment Variable      Effect 
--------------------      ------ 
NONE                      No environment variables were set
--------------------------------------------------------------------------------

INFO:Timing:2698 - No timing constraints found, doing default enumeration.
INFO:Timing:3412 - To improve timing, see the Timing Closure User Guide (UG612).
INFO:Timing:2752 - To get complete path coverage, use the unconstrained paths 
   option. All paths that are not constrained will be reported in the 
   unconstrained paths section(s) of the report.
INFO:Timing:3339 - The clock-to-out numbers in this timing report are based on 
   a 50 Ohm transmission line loading model.  For the details of this model, 
   and for more information on accounting for different loading conditions, 
   please see the device datasheet.
INFO:Timing:3390 - This architecture does not support a default System Jitter 
   value, please add SYSTEM_JITTER constraint to the UCF to modify the Clock 
   Uncertainty calculation.
INFO:Timing:3389 - This architecture does not support 'Discrete Jitter' and 
   'Phase Error' calculations, these terms will be zero in the Clock 
   Uncertainty calculation.  Please make appropriate modification to 
   SYSTEM_JITTER to account for the unsupported Discrete Jitter and Phase 
   Error.



Data Sheet report:
-----------------
All values displayed in nanoseconds (ns)

Setup/Hold to clock OP<0>
------------+------------+------------+------------------+--------+
            |Max Setup to|Max Hold to |                  | Clock  |
Source      | clk (edge) | clk (edge) |Internal Clock(s) | Phase  |
------------+------------+------------+------------------+--------+
A<0>        |    5.291(F)|    1.054(F)|old_Z_3_not0001   |   0.000|
A<1>        |    4.768(F)|    0.981(F)|old_Z_3_not0001   |   0.000|
A<2>        |    4.667(F)|    1.434(F)|old_Z_3_not0001   |   0.000|
A<3>        |    4.181(F)|    1.100(F)|old_Z_3_not0001   |   0.000|
A<4>        |    4.311(F)|    1.503(F)|old_Z_3_not0001   |   0.000|
A<5>        |    4.732(F)|    1.261(F)|old_Z_3_not0001   |   0.000|
A<6>        |    4.236(F)|    1.666(F)|old_Z_3_not0001   |   0.000|
A<7>        |    4.256(F)|    0.787(F)|old_Z_3_not0001   |   0.000|
A<8>        |    4.032(F)|    0.968(F)|old_Z_3_not0001   |   0.000|
A<9>        |    4.113(F)|    1.175(F)|old_Z_3_not0001   |   0.000|
A<10>       |    3.922(F)|    1.264(F)|old_Z_3_not0001   |   0.000|
A<11>       |    3.580(F)|    2.599(F)|old_Z_3_not0001   |   0.000|
B<0>        |    4.624(F)|    1.545(F)|old_Z_3_not0001   |   0.000|
B<1>        |    5.273(F)|    1.580(F)|old_Z_3_not0001   |   0.000|
B<2>        |    4.521(F)|    1.824(F)|old_Z_3_not0001   |   0.000|
B<3>        |    4.606(F)|    1.603(F)|old_Z_3_not0001   |   0.000|
B<4>        |    4.470(F)|    1.692(F)|old_Z_3_not0001   |   0.000|
B<5>        |    4.498(F)|    1.551(F)|old_Z_3_not0001   |   0.000|
B<6>        |    4.559(F)|    1.138(F)|old_Z_3_not0001   |   0.000|
B<7>        |    5.205(F)|    0.811(F)|old_Z_3_not0001   |   0.000|
B<8>        |    4.335(F)|    1.556(F)|old_Z_3_not0001   |   0.000|
B<9>        |    4.947(F)|    1.383(F)|old_Z_3_not0001   |   0.000|
B<10>       |    4.986(F)|    2.654(F)|old_Z_3_not0001   |   0.000|
B<11>       |    4.475(F)|    2.549(F)|old_Z_3_not0001   |   0.000|
------------+------------+------------+------------------+--------+

Setup/Hold to clock OP<1>
------------+------------+------------+------------------+--------+
            |Max Setup to|Max Hold to |                  | Clock  |
Source      | clk (edge) | clk (edge) |Internal Clock(s) | Phase  |
------------+------------+------------+------------------+--------+
A<0>        |    6.001(F)|   -2.531(F)|OP_1_IBUF         |   0.000|
            |    5.686(F)|    0.559(F)|old_Z_3_not0001   |   0.000|
A<1>        |    5.478(F)|   -2.225(F)|OP_1_IBUF         |   0.000|
            |    5.163(F)|    0.486(F)|old_Z_3_not0001   |   0.000|
A<2>        |    5.107(F)|   -2.451(F)|OP_1_IBUF         |   0.000|
            |    5.062(F)|    0.939(F)|old_Z_3_not0001   |   0.000|
A<3>        |    4.643(F)|   -2.128(F)|OP_1_IBUF         |   0.000|
            |    4.576(F)|    0.605(F)|old_Z_3_not0001   |   0.000|
A<4>        |    5.021(F)|   -2.114(F)|OP_1_IBUF         |   0.000|
            |    4.706(F)|    1.008(F)|old_Z_3_not0001   |   0.000|
A<5>        |    4.775(F)|   -2.301(F)|OP_1_IBUF         |   0.000|
            |    5.127(F)|    0.766(F)|old_Z_3_not0001   |   0.000|
A<6>        |    4.432(F)|   -2.107(F)|OP_1_IBUF         |   0.000|
            |    4.631(F)|    1.171(F)|old_Z_3_not0001   |   0.000|
A<7>        |    4.929(F)|   -2.189(F)|OP_1_IBUF         |   0.000|
            |    4.651(F)|    0.292(F)|old_Z_3_not0001   |   0.000|
A<8>        |    4.742(F)|   -1.887(F)|OP_1_IBUF         |   0.000|
            |    4.427(F)|    0.473(F)|old_Z_3_not0001   |   0.000|
A<9>        |    4.444(F)|   -2.075(F)|OP_1_IBUF         |   0.000|
            |    4.508(F)|    0.680(F)|old_Z_3_not0001   |   0.000|
A<10>       |    4.461(F)|   -2.046(F)|OP_1_IBUF         |   0.000|
            |    4.317(F)|    0.769(F)|old_Z_3_not0001   |   0.000|
A<11>       |    4.449(F)|   -2.012(F)|OP_1_IBUF         |   0.000|
            |    0.896(F)|    1.334(F)|OV_or0000         |   0.000|
            |    3.975(F)|    2.104(F)|old_Z_3_not0001   |   0.000|
B<0>        |    5.219(F)|   -2.561(F)|OP_1_IBUF         |   0.000|
            |    5.019(F)|    1.050(F)|old_Z_3_not0001   |   0.000|
B<1>        |    5.871(F)|   -3.080(F)|OP_1_IBUF         |   0.000|
            |    5.668(F)|    1.085(F)|old_Z_3_not0001   |   0.000|
B<2>        |    5.065(F)|   -2.479(F)|OP_1_IBUF         |   0.000|
            |    4.916(F)|    1.329(F)|old_Z_3_not0001   |   0.000|
B<3>        |    5.039(F)|   -2.547(F)|OP_1_IBUF         |   0.000|
            |    5.001(F)|    1.108(F)|old_Z_3_not0001   |   0.000|
B<4>        |    5.039(F)|   -2.439(F)|OP_1_IBUF         |   0.000|
            |    4.865(F)|    1.197(F)|old_Z_3_not0001   |   0.000|
B<5>        |    5.104(F)|   -2.461(F)|OP_1_IBUF         |   0.000|
            |    4.893(F)|    1.056(F)|old_Z_3_not0001   |   0.000|
B<6>        |    4.829(F)|   -2.511(F)|OP_1_IBUF         |   0.000|
            |    4.954(F)|    0.643(F)|old_Z_3_not0001   |   0.000|
B<7>        |    5.915(F)|   -2.839(F)|OP_1_IBUF         |   0.000|
            |    5.600(F)|    0.316(F)|old_Z_3_not0001   |   0.000|
B<8>        |    5.045(F)|   -2.310(F)|OP_1_IBUF         |   0.000|
            |    4.730(F)|    1.061(F)|old_Z_3_not0001   |   0.000|
B<9>        |    5.657(F)|   -2.664(F)|OP_1_IBUF         |   0.000|
            |    5.342(F)|    0.888(F)|old_Z_3_not0001   |   0.000|
B<10>       |    5.361(F)|   -3.042(F)|OP_1_IBUF         |   0.000|
            |    5.381(F)|    2.159(F)|old_Z_3_not0001   |   0.000|
B<11>       |    5.604(F)|   -2.807(F)|OP_1_IBUF         |   0.000|
            |    0.638(F)|    1.540(F)|OV_or0000         |   0.000|
            |    4.870(F)|    2.054(F)|old_Z_3_not0001   |   0.000|
------------+------------+------------+------------------+--------+

Setup/Hold to clock OP<2>
------------+------------+------------+------------------+--------+
            |Max Setup to|Max Hold to |                  | Clock  |
Source      | clk (edge) | clk (edge) |Internal Clock(s) | Phase  |
------------+------------+------------+------------------+--------+
A<0>        |    5.958(F)|    0.220(F)|old_Z_3_not0001   |   0.000|
A<1>        |    5.435(F)|    0.147(F)|old_Z_3_not0001   |   0.000|
A<2>        |    5.334(F)|    0.600(F)|old_Z_3_not0001   |   0.000|
A<3>        |    4.848(F)|    0.266(F)|old_Z_3_not0001   |   0.000|
A<4>        |    4.978(F)|    0.669(F)|old_Z_3_not0001   |   0.000|
A<5>        |    5.399(F)|    0.427(F)|old_Z_3_not0001   |   0.000|
A<6>        |    4.903(F)|    0.832(F)|old_Z_3_not0001   |   0.000|
A<7>        |    4.923(F)|   -0.047(F)|old_Z_3_not0001   |   0.000|
A<8>        |    4.699(F)|    0.134(F)|old_Z_3_not0001   |   0.000|
A<9>        |    4.780(F)|    0.341(F)|old_Z_3_not0001   |   0.000|
A<10>       |    4.589(F)|    0.430(F)|old_Z_3_not0001   |   0.000|
A<11>       |    1.172(F)|    0.990(F)|OV_or0000         |   0.000|
            |    4.247(F)|    1.765(F)|old_Z_3_not0001   |   0.000|
B<0>        |    5.291(F)|    0.711(F)|old_Z_3_not0001   |   0.000|
B<1>        |    5.940(F)|    0.746(F)|old_Z_3_not0001   |   0.000|
B<2>        |    5.188(F)|    0.990(F)|old_Z_3_not0001   |   0.000|
B<3>        |    5.273(F)|    0.769(F)|old_Z_3_not0001   |   0.000|
B<4>        |    5.137(F)|    0.858(F)|old_Z_3_not0001   |   0.000|
B<5>        |    5.165(F)|    0.717(F)|old_Z_3_not0001   |   0.000|
B<6>        |    5.226(F)|    0.304(F)|old_Z_3_not0001   |   0.000|
B<7>        |    5.872(F)|   -0.023(F)|old_Z_3_not0001   |   0.000|
B<8>        |    5.002(F)|    0.722(F)|old_Z_3_not0001   |   0.000|
B<9>        |    5.614(F)|    0.549(F)|old_Z_3_not0001   |   0.000|
B<10>       |    5.653(F)|    1.820(F)|old_Z_3_not0001   |   0.000|
B<11>       |    0.914(F)|    1.196(F)|OV_or0000         |   0.000|
            |    5.142(F)|    1.715(F)|old_Z_3_not0001   |   0.000|
------------+------------+------------+------------------+--------+

Clock OP<0> to Pad
------------+------------+------------------+--------+
            | clk (edge) |                  | Clock  |
Destination |   to PAD   |Internal Clock(s) | Phase  |
------------+------------+------------------+--------+
Sign        |    9.356(F)|old_Z_3_not0001   |   0.000|
Z<0>        |    8.962(F)|old_Z_3_not0001   |   0.000|
Z<1>        |    9.013(F)|old_Z_3_not0001   |   0.000|
Z<2>        |    9.047(F)|old_Z_3_not0001   |   0.000|
Z<3>        |    9.057(F)|old_Z_3_not0001   |   0.000|
Z<4>        |    9.115(F)|old_Z_3_not0001   |   0.000|
Z<5>        |    9.115(F)|old_Z_3_not0001   |   0.000|
Z<6>        |    9.164(F)|old_Z_3_not0001   |   0.000|
Z<7>        |    9.069(F)|old_Z_3_not0001   |   0.000|
Z<8>        |    9.069(F)|old_Z_3_not0001   |   0.000|
Z<9>        |    8.867(F)|old_Z_3_not0001   |   0.000|
Z<10>       |    8.890(F)|old_Z_3_not0001   |   0.000|
Z<11>       |    9.013(F)|old_Z_3_not0001   |   0.000|
------------+------------+------------------+--------+

Clock OP<1> to Pad
------------+------------+------------------+--------+
            | clk (edge) |                  | Clock  |
Destination |   to PAD   |Internal Clock(s) | Phase  |
------------+------------+------------------+--------+
CarryOut    |    5.762(F)|OP_1_IBUF         |   0.000|
OV          |    8.201(F)|OV_or0000         |   0.000|
Sign        |    8.861(F)|old_Z_3_not0001   |   0.000|
Z<0>        |    8.467(F)|old_Z_3_not0001   |   0.000|
Z<1>        |    8.518(F)|old_Z_3_not0001   |   0.000|
Z<2>        |    8.552(F)|old_Z_3_not0001   |   0.000|
Z<3>        |    8.562(F)|old_Z_3_not0001   |   0.000|
Z<4>        |    8.620(F)|old_Z_3_not0001   |   0.000|
Z<5>        |    8.620(F)|old_Z_3_not0001   |   0.000|
Z<6>        |    8.669(F)|old_Z_3_not0001   |   0.000|
Z<7>        |    8.574(F)|old_Z_3_not0001   |   0.000|
Z<8>        |    8.574(F)|old_Z_3_not0001   |   0.000|
Z<9>        |    8.372(F)|old_Z_3_not0001   |   0.000|
Z<10>       |    8.395(F)|old_Z_3_not0001   |   0.000|
Z<11>       |    8.518(F)|old_Z_3_not0001   |   0.000|
------------+------------+------------------+--------+

Clock OP<2> to Pad
------------+------------+------------------+--------+
            | clk (edge) |                  | Clock  |
Destination |   to PAD   |Internal Clock(s) | Phase  |
------------+------------+------------------+--------+
OV          |    7.857(F)|OV_or0000         |   0.000|
Sign        |    8.522(F)|old_Z_3_not0001   |   0.000|
Z<0>        |    8.128(F)|old_Z_3_not0001   |   0.000|
Z<1>        |    8.179(F)|old_Z_3_not0001   |   0.000|
Z<2>        |    8.213(F)|old_Z_3_not0001   |   0.000|
Z<3>        |    8.223(F)|old_Z_3_not0001   |   0.000|
Z<4>        |    8.281(F)|old_Z_3_not0001   |   0.000|
Z<5>        |    8.281(F)|old_Z_3_not0001   |   0.000|
Z<6>        |    8.330(F)|old_Z_3_not0001   |   0.000|
Z<7>        |    8.235(F)|old_Z_3_not0001   |   0.000|
Z<8>        |    8.235(F)|old_Z_3_not0001   |   0.000|
Z<9>        |    8.033(F)|old_Z_3_not0001   |   0.000|
Z<10>       |    8.056(F)|old_Z_3_not0001   |   0.000|
Z<11>       |    8.179(F)|old_Z_3_not0001   |   0.000|
------------+------------+------------------+--------+

Clock to Setup on destination clock OP<0>
---------------+---------+---------+---------+---------+
               | Src:Rise| Src:Fall| Src:Rise| Src:Fall|
Source Clock   |Dest:Rise|Dest:Rise|Dest:Fall|Dest:Fall|
---------------+---------+---------+---------+---------+
OP<0>          |         |         |    3.448|    3.448|
OP<1>          |         |         |    4.118|    4.118|
OP<2>          |         |         |    4.801|    4.801|
---------------+---------+---------+---------+---------+

Clock to Setup on destination clock OP<1>
---------------+---------+---------+---------+---------+
               | Src:Rise| Src:Fall| Src:Rise| Src:Fall|
Source Clock   |Dest:Rise|Dest:Rise|Dest:Fall|Dest:Fall|
---------------+---------+---------+---------+---------+
OP<0>          |         |         |    3.843|    4.451|
OP<1>          |         |         |    4.513|    4.513|
OP<2>          |         |         |    5.196|    5.196|
---------------+---------+---------+---------+---------+

Clock to Setup on destination clock OP<2>
---------------+---------+---------+---------+---------+
               | Src:Rise| Src:Fall| Src:Rise| Src:Fall|
Source Clock   |Dest:Rise|Dest:Rise|Dest:Fall|Dest:Fall|
---------------+---------+---------+---------+---------+
OP<0>          |         |         |    4.115|    4.451|
OP<1>          |         |         |    4.785|    4.785|
OP<2>          |         |         |    5.468|    5.468|
---------------+---------+---------+---------+---------+


Analysis completed Mon Mar 13 07:01:54 2023 
--------------------------------------------------------------------------------

Trace Settings:
-------------------------
Trace Settings 

Peak Memory Usage: 170 MB



