--------------------------------------------------------------------------------
Release 14.7 Trace  (nt64)
Copyright (c) 1995-2013 Xilinx, Inc.  All rights reserved.

E:\ISE\14.7\ISE_DS\ISE\bin\nt64\unwrapped\trce.exe -intstyle ise -v 3 -s 5 -n 3
-fastpaths -xml clkDivider.twx clkDivider.ncd -o clkDivider.twr clkDivider.pcf

Design file:              clkDivider.ncd
Physical constraint file: clkDivider.pcf
Device,package,speed:     xc3s100e,vq100,-5 (PRODUCTION 1.27 2013-10-13)
Report level:             verbose report

Environment Variable      Effect 
--------------------      ------ 
NONE                      No environment variables were set
--------------------------------------------------------------------------------

INFO:Timing:2698 - No timing constraints found, doing default enumeration.
INFO:Timing:3412 - To improve timing, see the Timing Closure User Guide (UG612).
INFO:Timing:2752 - To get complete path coverage, use the unconstrained paths 
   option. All paths that are not constrained will be reported in the 
   unconstrained paths section(s) of the report.
INFO:Timing:3339 - The clock-to-out numbers in this timing report are based on 
   a 50 Ohm transmission line loading model.  For the details of this model, 
   and for more information on accounting for different loading conditions, 
   please see the device datasheet.
INFO:Timing:3390 - This architecture does not support a default System Jitter 
   value, please add SYSTEM_JITTER constraint to the UCF to modify the Clock 
   Uncertainty calculation.
INFO:Timing:3389 - This architecture does not support 'Discrete Jitter' and 
   'Phase Error' calculations, these terms will be zero in the Clock 
   Uncertainty calculation.  Please make appropriate modification to 
   SYSTEM_JITTER to account for the unsupported Discrete Jitter and Phase 
   Error.



Data Sheet report:
-----------------
All values displayed in nanoseconds (ns)

Setup/Hold to clock Clk_Ref
------------+------------+------------+------------------+--------+
            |Max Setup to|Max Hold to |                  | Clock  |
Source      | clk (edge) | clk (edge) |Internal Clock(s) | Phase  |
------------+------------+------------+------------------+--------+
Clk_In      |    2.540(R)|    0.724(R)|Clk_Ref_BUFGP     |   0.000|
Div_Fact<0> |    6.058(R)|    0.184(R)|Clk_Ref_BUFGP     |   0.000|
Div_Fact<1> |    6.070(R)|    0.415(R)|Clk_Ref_BUFGP     |   0.000|
Div_Fact<2> |    5.830(R)|    0.493(R)|Clk_Ref_BUFGP     |   0.000|
Div_Fact<3> |    5.851(R)|   -0.176(R)|Clk_Ref_BUFGP     |   0.000|
RST         |    1.328(R)|    0.794(R)|Clk_Ref_BUFGP     |   0.000|
------------+------------+------------+------------------+--------+

Clock Clk_Ref to Pad
------------+------------+------------------+--------+
            | clk (edge) |                  | Clock  |
Destination |   to PAD   |Internal Clock(s) | Phase  |
------------+------------+------------------+--------+
Clk_Out     |    6.887(R)|Clk_Ref_BUFGP     |   0.000|
------------+------------+------------------+--------+

Clock to Setup on destination clock Clk_Ref
---------------+---------+---------+---------+---------+
               | Src:Rise| Src:Fall| Src:Rise| Src:Fall|
Source Clock   |Dest:Rise|Dest:Rise|Dest:Fall|Dest:Fall|
---------------+---------+---------+---------+---------+
Clk_Ref        |   10.329|         |         |         |
---------------+---------+---------+---------+---------+


Analysis completed Mon May 29 05:37:21 2023 
--------------------------------------------------------------------------------

Trace Settings:
-------------------------
Trace Settings 

Peak Memory Usage: 156 MB



