    ____  ____
   /   /\/   /
  /___/  \  /    VENDOR      : Xilinx Inc.
  \   \   \/     VERSION     : 14.7 (P.20131013)
   \   \         APPLICATION : E:\ISE\14.7\ISE_DS\ISE\bin\nt64\unwrapped\compxlib.exe
   /   /         CONTENTS    : Compilation Log
  /___/   /\     FILENAME    : compxlib.log
  \   \  /  \    
   \___\/\___\

Release 14.7 - E:\ISE\14.7\ISE_DS\ISE\bin\nt64\unwrapped\compxlib.exe 14.7 (nt64)
Copyright (c) 1995-2013 Xilinx, Inc.  All rights reserved.

Processing command line ...
Library Source Paths => 'E:/ISE/14.7/ISE_DS/ISE'
Current Working Directory => 'C:\Users\mohsen\Desktop\shift_add_mul'
Compilation Mode = FAST
Execute Mode = ON
Scheduling library installation & compilation for architectures: spartan3e

Scheduling library installation & compilation for libraries: simprim unisim xilinxcorelib edk

Signature:-
------------------------------------------------------------------------------
E:\ISE\14.7\ISE_DS\ISE\bin\nt64\unwrapped\compxlib.exe -s mti_se -l verilog -arch spartan3e -lib unisim -lib simprim -lib xilinxcorelib -lib edk -exclude_superseded -intstyle ise 
------------------------------------------------------------------------------

Setting up the simulator 'mti_se' for compilation ...
The executable path is set to 'C:\modeltech64_2020.4\win64' ...
Setting up the source libraries for simulator 'mti_se' ...
Retrieving the .pao files for EDK library ...
Building the library hierarchies from the .pao files for EDK library ...
Assigning the netlist files to the hierarchies for EDK library ...
