Release 14.7 - xst P.20131013 (nt64)
Copyright (c) 1995-2013 Xilinx, Inc.  All rights reserved.
--> Parameter TMPDIR set to xst/projnav.tmp


Total REAL time to Xst completion: 0.00 secs
Total CPU time to Xst completion: 0.06 secs
 
--> Parameter xsthdpdir set to xst


Total REAL time to Xst completion: 0.00 secs
Total CPU time to Xst completion: 0.06 secs
 
--> Reading design: RAM.prj

TABLE OF CONTENTS
  1) Synthesis Options Summary
  2) HDL Compilation
  3) Design Hierarchy Analysis
  4) HDL Analysis
  5) HDL Synthesis
     5.1) HDL Synthesis Report
  6) Advanced HDL Synthesis
     6.1) Advanced HDL Synthesis Report
  7) Low Level Synthesis
  8) Partition Report
  9) Final Report
	9.1) Device utilization summary
	9.2) Partition Resource Summary
	9.3) TIMING REPORT


=========================================================================
*                      Synthesis Options Summary                        *
=========================================================================
---- Source Parameters
Input File Name                    : "RAM.prj"
Input Format                       : mixed
Ignore Synthesis Constraint File   : NO

---- Target Parameters
Output File Name                   : "RAM"
Output Format                      : NGC
Target Device                      : xc3s100e-5-vq100

---- Source Options
Top Module Name                    : RAM
Automatic FSM Extraction           : YES
FSM Encoding Algorithm             : Auto
Safe Implementation                : No
FSM Style                          : LUT
RAM Extraction                     : Yes
RAM Style                          : Auto
ROM Extraction                     : Yes
Mux Style                          : Auto
Decoder Extraction                 : YES
Priority Encoder Extraction        : Yes
Shift Register Extraction          : YES
Logical Shifter Extraction         : YES
XOR Collapsing                     : YES
ROM Style                          : Auto
Mux Extraction                     : Yes
Resource Sharing                   : YES
Asynchronous To Synchronous        : NO
Multiplier Style                   : Auto
Automatic Register Balancing       : No

---- Target Options
Add IO Buffers                     : YES
Global Maximum Fanout              : 500
Add Generic Clock Buffer(BUFG)     : 24
Register Duplication               : YES
Slice Packing                      : YES
Optimize Instantiated Primitives   : NO
Use Clock Enable                   : Yes
Use Synchronous Set                : Yes
Use Synchronous Reset              : Yes
Pack IO Registers into IOBs        : Auto
Equivalent register Removal        : YES

---- General Options
Optimization Goal                  : Speed
Optimization Effort                : 1
Keep Hierarchy                     : No
Netlist Hierarchy                  : As_Optimized
RTL Output                         : Yes
Global Optimization                : AllClockNets
Read Cores                         : YES
Write Timing Constraints           : NO
Cross Clock Analysis               : NO
Hierarchy Separator                : /
Bus Delimiter                      : <>
Case Specifier                     : Maintain
Slice Utilization Ratio            : 100
BRAM Utilization Ratio             : 100
Verilog 2001                       : YES
Auto BRAM Packing                  : NO
Slice Utilization Ratio Delta      : 5

=========================================================================


=========================================================================
*                          HDL Compilation                              *
=========================================================================
Compiling verilog file "../memory/RAM.v" in library work
Module <RAM> compiled
No errors in compilation
Analysis of file <"RAM.prj"> succeeded.
 

=========================================================================
*                     Design Hierarchy Analysis                         *
=========================================================================
Analyzing hierarchy for module <RAM> in library <work> with parameters.
	ADDR_WIDTH = "00000000000000000000000000001000"
	DATA_WIDTH = "00000000000000000000000000001010"
	MEM_SIZE = "00000000000000000000000100000000"


=========================================================================
*                            HDL Analysis                               *
=========================================================================
Analyzing top module <RAM>.
	ADDR_WIDTH = 32'sb00000000000000000000000000001000
	DATA_WIDTH = 32'sb00000000000000000000000000001010
	MEM_SIZE = 32'sb00000000000000000000000100000000
Module <RAM> is correct for synthesis.
 

=========================================================================
*                           HDL Synthesis                               *
=========================================================================

Performing bidirectional port resolution...

Synthesizing Unit <RAM>.
    Related source file is "../memory/RAM.v".
WARNING:Xst:647 - Input <RST> is never used. This port will be preserved and left unconnected if it belongs to a top-level block or it belongs to a sub-block and the hierarchy of this sub-block is preserved.
WARNING:Xst:1872 - Variable <n> is used but never assigned.
WARNING:Xst:1872 - Variable <i> is used but never assigned.
    Found 256x10-bit single-port RAM <Mram_MEM> for signal <MEM>.
    Found 10-bit tristate buffer for signal <Dout>.
    Found 10-bit register for signal <TMP_Dout>.
    Summary:
	inferred   1 RAM(s).
	inferred  10 D-type flip-flop(s).
	inferred  10 Tristate(s).
Unit <RAM> synthesized.


=========================================================================
HDL Synthesis Report

Macro Statistics
# RAMs                                                 : 1
 256x10-bit single-port RAM                            : 1
# Registers                                            : 1
 10-bit register                                       : 1
# Tristates                                            : 1
 10-bit tristate buffer                                : 1

=========================================================================

=========================================================================
*                       Advanced HDL Synthesis                          *
=========================================================================


Synthesizing (advanced) Unit <RAM>.
INFO:Xst:3218 - HDL ADVISOR - The RAM <Mram_MEM> will be implemented on LUTs either because you have described an asynchronous read or because of currently unsupported block RAM features. If you have described an asynchronous read, making it synchronous would allow you to take advantage of available block RAM resources, for optimized device usage and improved timings. Please refer to your documentation for coding guidelines.
    -----------------------------------------------------------------------
    | ram_type           | Distributed                         |          |
    -----------------------------------------------------------------------
    | Port A                                                              |
    |     aspect ratio   | 256-word x 10-bit                   |          |
    |     clkA           | connected to signal <CLK>           | rise     |
    |     weA            | connected to signal <_and0000>      | high     |
    |     addrA          | connected to signal <ADDR>          |          |
    |     diA            | connected to signal <Din>           |          |
    |     doA            | connected to internal node          |          |
    -----------------------------------------------------------------------
Unit <RAM> synthesized (advanced).

=========================================================================
Advanced HDL Synthesis Report

Macro Statistics
# RAMs                                                 : 1
 256x10-bit single-port distributed RAM                : 1
# Registers                                            : 10
 Flip-Flops                                            : 10

=========================================================================

=========================================================================
*                         Low Level Synthesis                           *
=========================================================================

Optimizing unit <RAM> ...

Mapping all equations...
Building and optimizing final netlist ...
Found area constraint ratio of 100 (+ 5) on block RAM, actual ratio is 11.

Final Macro Processing ...

=========================================================================
Final Register Report

Macro Statistics
# Registers                                            : 10
 Flip-Flops                                            : 10

=========================================================================

=========================================================================
*                           Partition Report                            *
=========================================================================

Partition Implementation Status
-------------------------------

  No Partitions were found in this design.

-------------------------------

=========================================================================
*                            Final Report                               *
=========================================================================
Final Results
RTL Top Level Output File Name     : RAM.ngr
Top Level Output File Name         : RAM
Output Format                      : NGC
Optimization Goal                  : Speed
Keep Hierarchy                     : No

Design Statistics
# IOs                              : 32

Cell Usage :
# BELS                             : 81
#      LUT2                        : 3
#      LUT3                        : 40
#      LUT4                        : 8
#      MUXF5                       : 20
#      MUXF6                       : 10
# FlipFlops/Latches                : 10
#      FDE                         : 10
# RAMS                             : 80
#      RAM32X1S                    : 80
# Clock Buffers                    : 1
#      BUFGP                       : 1
# IO Buffers                       : 30
#      IBUF                        : 20
#      OBUFT                       : 10
=========================================================================

Device utilization summary:
---------------------------

Selected Device : 3s100evq100-5 

 Number of Slices:                      106  out of    960    11%  
 Number of Slice Flip Flops:             10  out of   1920     0%  
 Number of 4 input LUTs:                211  out of   1920    10%  
    Number used as logic:                51
    Number used as RAMs:                160
 Number of IOs:                          32
 Number of bonded IOBs:                  31  out of     66    46%  
 Number of GCLKs:                         1  out of     24     4%  

---------------------------
Partition Resource Summary:
---------------------------

  No Partitions were found in this design.

---------------------------


=========================================================================
TIMING REPORT

NOTE: THESE TIMING NUMBERS ARE ONLY A SYNTHESIS ESTIMATE.
      FOR ACCURATE TIMING INFORMATION PLEASE REFER TO THE TRACE REPORT
      GENERATED AFTER PLACE-and-ROUTE.

Clock Information:
------------------
-----------------------------------+------------------------+-------+
Clock Signal                       | Clock buffer(FF name)  | Load  |
-----------------------------------+------------------------+-------+
CLK                                | BUFGP                  | 90    |
-----------------------------------+------------------------+-------+

Asynchronous Control Signals Information:
----------------------------------------
No asynchronous control signals found in this design

Timing Summary:
---------------
Speed Grade: -5

   Minimum period: 3.967ns (Maximum Frequency: 252.080MHz)
   Minimum input arrival time before clock: 5.181ns
   Maximum output required time after clock: 4.040ns
   Maximum combinational path delay: 6.240ns

Timing Detail:
--------------
All values displayed in nanoseconds (ns)

=========================================================================
Timing constraint: Default period analysis for Clock 'CLK'
  Clock period: 3.967ns (frequency: 252.080MHz)
  Total number of paths / destination ports: 80 / 10
-------------------------------------------------------------------------
Delay:               3.967ns (Levels of Logic = 3)
  Source:            Mram_MEM1 (RAM)
  Destination:       TMP_Dout_0 (FF)
  Source Clock:      CLK rising
  Destination Clock: CLK rising

  Data Path: Mram_MEM1 to TMP_Dout_0
                                Gate     Net
    Cell:in->out      fanout   Delay   Delay  Logical Name (Net Name)
    ----------------------------------------  ------------
     RAM32X1S:WCLK->O      1   1.932   0.426  Mram_MEM1 (N10)
     LUT3:I1->O            1   0.612   0.000  inst_LPM_MUX_6 (inst_LPM_MUX_6)
     MUXF5:I0->O           1   0.278   0.000  inst_LPM_MUX_4_f5 (inst_LPM_MUX_4_f5)
     MUXF6:I0->O           1   0.451   0.000  inst_LPM_MUX_2_f6 (_varindex0000<0>)
     FDE:D                     0.268          TMP_Dout_0
    ----------------------------------------
    Total                      3.967ns (3.541ns logic, 0.426ns route)
                                       (89.3% logic, 10.7% route)

=========================================================================
Timing constraint: Default OFFSET IN BEFORE for Clock 'CLK'
  Total number of paths / destination ports: 1370 / 580
-------------------------------------------------------------------------
Offset:              5.181ns (Levels of Logic = 5)
  Source:            ADDR<3> (PAD)
  Destination:       TMP_Dout_0 (FF)
  Destination Clock: CLK rising

  Data Path: ADDR<3> to TMP_Dout_0
                                Gate     Net
    Cell:in->out      fanout   Delay   Delay  Logical Name (Net Name)
    ----------------------------------------  ------------
     IBUF:I->O           320   1.106   1.150  ADDR_3_IBUF (ADDR_3_IBUF)
     RAM32X1S:A3->O        1   0.890   0.426  Mram_MEM1 (N10)
     LUT3:I1->O            1   0.612   0.000  inst_LPM_MUX_6 (inst_LPM_MUX_6)
     MUXF5:I0->O           1   0.278   0.000  inst_LPM_MUX_4_f5 (inst_LPM_MUX_4_f5)
     MUXF6:I0->O           1   0.451   0.000  inst_LPM_MUX_2_f6 (_varindex0000<0>)
     FDE:D                     0.268          TMP_Dout_0
    ----------------------------------------
    Total                      5.181ns (3.605ns logic, 1.576ns route)
                                       (69.6% logic, 30.4% route)

=========================================================================
Timing constraint: Default OFFSET OUT AFTER for Clock 'CLK'
  Total number of paths / destination ports: 10 / 10
-------------------------------------------------------------------------
Offset:              4.040ns (Levels of Logic = 1)
  Source:            TMP_Dout_9 (FF)
  Destination:       Dout<9> (PAD)
  Source Clock:      CLK rising

  Data Path: TMP_Dout_9 to Dout<9>
                                Gate     Net
    Cell:in->out      fanout   Delay   Delay  Logical Name (Net Name)
    ----------------------------------------  ------------
     FDE:C->Q              1   0.514   0.357  TMP_Dout_9 (TMP_Dout_9)
     OBUFT:I->O                3.169          Dout_9_OBUFT (Dout<9>)
    ----------------------------------------
    Total                      4.040ns (3.683ns logic, 0.357ns route)
                                       (91.2% logic, 8.8% route)

=========================================================================
Timing constraint: Default path analysis
  Total number of paths / destination ports: 20 / 10
-------------------------------------------------------------------------
Delay:               6.240ns (Levels of Logic = 3)
  Source:            WE (PAD)
  Destination:       Dout<9> (PAD)

  Data Path: WE to Dout<9>
                                Gate     Net
    Cell:in->out      fanout   Delay   Delay  Logical Name (Net Name)
    ----------------------------------------  ------------
     IBUF:I->O             3   1.106   0.603  WE_IBUF (WE_IBUF)
     LUT2:I0->O           10   0.612   0.750  Dout_and0000_inv1 (Dout_and0000_inv)
     OBUFT:T->O                3.169          Dout_9_OBUFT (Dout<9>)
    ----------------------------------------
    Total                      6.240ns (4.887ns logic, 1.353ns route)
                                       (78.3% logic, 21.7% route)

=========================================================================


Total REAL time to Xst completion: 3.00 secs
Total CPU time to Xst completion: 2.87 secs
 
--> 

Total memory usage is 273636 kilobytes

Number of errors   :    0 (   0 filtered)
Number of warnings :    3 (   0 filtered)
Number of infos    :    1 (   0 filtered)

